<?xml version="1.0" encoding="UTF-8" ?>
<testsuite failures="0" time="0.005" errors="0" skipped="0" tests="6" name="ar.edu.unq.tpi.persist.ball.domain.bean.TestHabilidad">
  <properties>
[...]
</properties>
  <testcase time="0" classname="ar.edu.unq.tpi.persist.ball.domain.bean.TestHabilidad" name="testDelantero"/>
  <testcase time="0.001" classname="ar.edu.unq.tpi.persist.ball.domain.bean.TestHabilidad" name="testCentral"/>
  <testcase time="0" classname="ar.edu.unq.tpi.persist.ball.domain.bean.TestHabilidad" name="testLateral"/>
  <testcase time="0" classname="ar.edu.unq.tpi.persist.ball.domain.bean.TestHabilidad" name="testEnganche"/>
  <testcase time="0.001" classname="ar.edu.unq.tpi.persist.ball.domain.bean.TestHabilidad" name="testVolanteDefensivo"/>
  <testcase time="0" classname="ar.edu.unq.tpi.persist.ball.domain.bean.TestHabilidad" name="testMediaPunta"/>
</testsuite>